Start testing: Jan 27 15:12 UTC
----------------------------------------------------------
1/5 Testing: Adds two numbers
1/5 Test: Adds two numbers
Command: "/app/rhayader_tests" "Adds two numbers"
Directory: /app
"Adds two numbers" start time: Jan 27 15:12 UTC
Output:
----------------------------------------------------------
Filters: "Adds two numbers"
Randomness seeded to: 3033433513
<end of output>
Test time =   0.01 sec
----------------------------------------------------------
Test Passed.
"Adds two numbers" end time: Jan 27 15:12 UTC
"Adds two numbers" time elapsed: 00:00:00
----------------------------------------------------------

2/5 Testing: Function definition and call
2/5 Test: Function definition and call
Command: "/app/rhayader_tests" "Function definition and call"
Directory: /app
"Function definition and call" start time: Jan 27 15:12 UTC
Output:
----------------------------------------------------------
Filters: "Function definition and call"
Randomness seeded to: 3162029166
<end of output>
Test time =   0.01 sec
----------------------------------------------------------
Test Passed.
"Function definition and call" end time: Jan 27 15:12 UTC
"Function definition and call" time elapsed: 00:00:00
----------------------------------------------------------

3/5 Testing: Math module usage
3/5 Test: Math module usage
Command: "/app/rhayader_tests" "Math module usage"
Directory: /app
"Math module usage" start time: Jan 27 15:12 UTC
Output:
----------------------------------------------------------
Filters: "Math module usage"
Randomness seeded to: 3805181497
<end of output>
Test time =   0.01 sec
----------------------------------------------------------
Test Passed.
"Math module usage" end time: Jan 27 15:12 UTC
"Math module usage" time elapsed: 00:00:00
----------------------------------------------------------

4/5 Testing: String module usage
4/5 Test: String module usage
Command: "/app/rhayader_tests" "String module usage"
Directory: /app
"String module usage" start time: Jan 27 15:12 UTC
Output:
----------------------------------------------------------
Filters: "String module usage"
Randomness seeded to: 3564248747
<end of output>
Test time =   0.01 sec
----------------------------------------------------------
Test Passed.
"String module usage" end time: Jan 27 15:12 UTC
"String module usage" time elapsed: 00:00:00
----------------------------------------------------------

5/5 Testing: Array module usage
5/5 Test: Array module usage
Command: "/app/rhayader_tests" "Array module usage"
Directory: /app
"Array module usage" start time: Jan 27 15:12 UTC
Output:
----------------------------------------------------------
Filters: "Array module usage"
Randomness seeded to: 108966121
<end of output>
Test time =   0.01 sec
----------------------------------------------------------
Test Passed.
"Array module usage" end time: Jan 27 15:12 UTC
"Array module usage" time elapsed: 00:00:00
----------------------------------------------------------

End testing: Jan 27 15:12 UTC
